Using pre-set license
Built from '2022.3/staging' branch; Version is '2022.3.30f1 (70558241b701) revision 7361922'; Using compiler version '192829333'; Build Type 'Release'
OS: 'Windows 11  (10.0.26100) 64bit CoreSingleLanguage' Language: 'en' Physical Memory: 32437 MB
BatchMode: 1, IsHumanControllingUs: 0, StartBugReporterOnCrash: 0, Is64bit: 1, IsPro: 1

COMMAND LINE ARGUMENTS:
C:\Program Files\Unity\Hub\Editor\2022.3.30f1\Editor\Unity.exe
-adb2
-batchMode
-noUpm
-name
AssetImportWorker13
-projectPath
C:/Users/User/Documents/GitHub/Snowscape
-logFile
Logs/AssetImportWorker13.log
-srvPort
52513
Successfully changed project path to: C:/Users/User/Documents/GitHub/Snowscape
C:/Users/User/Documents/GitHub/Snowscape
[UnityMemory] Configuration Parameters - Can be set up in boot.config
    "memorysetup-bucket-allocator-granularity=16"
    "memorysetup-bucket-allocator-bucket-count=8"
    "memorysetup-bucket-allocator-block-size=33554432"
    "memorysetup-bucket-allocator-block-count=8"
    "memorysetup-main-allocator-block-size=16777216"
    "memorysetup-thread-allocator-block-size=16777216"
    "memorysetup-gfx-main-allocator-block-size=16777216"
    "memorysetup-gfx-thread-allocator-block-size=16777216"
    "memorysetup-cache-allocator-block-size=4194304"
    "memorysetup-typetree-allocator-block-size=2097152"
    "memorysetup-profiler-bucket-allocator-granularity=16"
    "memorysetup-profiler-bucket-allocator-bucket-count=8"
    "memorysetup-profiler-bucket-allocator-block-size=33554432"
    "memorysetup-profiler-bucket-allocator-block-count=8"
    "memorysetup-profiler-allocator-block-size=16777216"
    "memorysetup-profiler-editor-allocator-block-size=1048576"
    "memorysetup-temp-allocator-size-main=16777216"
    "memorysetup-job-temp-allocator-block-size=2097152"
    "memorysetup-job-temp-allocator-block-size-background=1048576"
    "memorysetup-job-temp-allocator-reduction-small-platforms=262144"
    "memorysetup-allocator-temp-initial-block-size-main=262144"
    "memorysetup-allocator-temp-initial-block-size-worker=262144"
    "memorysetup-temp-allocator-size-background-worker=32768"
    "memorysetup-temp-allocator-size-job-worker=262144"
    "memorysetup-temp-allocator-size-preload-manager=33554432"
    "memorysetup-temp-allocator-size-nav-mesh-worker=65536"
    "memorysetup-temp-allocator-size-audio-worker=65536"
    "memorysetup-temp-allocator-size-cloud-worker=32768"
    "memorysetup-temp-allocator-size-gi-baking-worker=262144"
    "memorysetup-temp-allocator-size-gfx=262144"
Player connection [22248] Host "[IP] 10.91.230.174 [Port] 0 [Flags] 2 [Guid] 2269572671 [EditorId] 2269572671 [Version] 1048832 [Id] WindowsEditor(7,LAPTOP-T37L2ETS) [Debug] 1 [PackageName] WindowsEditor [ProjectName] Editor" joined multi-casting on [225.0.0.222:54997]...

Player connection [22248] Host "[IP] 10.91.230.174 [Port] 0 [Flags] 2 [Guid] 2269572671 [EditorId] 2269572671 [Version] 1048832 [Id] WindowsEditor(7,LAPTOP-T37L2ETS) [Debug] 1 [PackageName] WindowsEditor [ProjectName] Editor" joined alternative multi-casting on [225.0.0.222:34997]...

[Physics::Module] Initialized MultithreadedJobDispatcher with 21 workers.
Refreshing native plugins compatible for Editor in 13.43 ms, found 4 plugins.
Preloading 0 native plugins for Editor in 0.00 ms.
Initialize engine version: 2022.3.30f1 (70558241b701)
[Subsystems] Discovering subsystems at path C:/Program Files/Unity/Hub/Editor/2022.3.30f1/Editor/Data/Resources/UnitySubsystems
[Subsystems] Discovering subsystems at path C:/Users/User/Documents/GitHub/Snowscape/Assets
GfxDevice: creating device client; threaded=0; jobified=0
Direct3D:
    Version:  Direct3D 11.0 [level 11.1]
    Renderer: Intel(R) Arc(TM) Pro Graphics (ID=0x7d55)
    Vendor:   Intel
    VRAM:     16218 MB
    Driver:   32.0.101.5768
Initialize mono
Mono path[0] = 'C:/Program Files/Unity/Hub/Editor/2022.3.30f1/Editor/Data/Managed'
Mono path[1] = 'C:/Program Files/Unity/Hub/Editor/2022.3.30f1/Editor/Data/MonoBleedingEdge/lib/mono/unityjit-win32'
Mono config path = 'C:/Program Files/Unity/Hub/Editor/2022.3.30f1/Editor/Data/MonoBleedingEdge/etc'
Using monoOptions --debugger-agent=transport=dt_socket,embedding=1,server=y,suspend=n,address=127.0.0.1:56592
Begin MonoManager ReloadAssembly
Registering precompiled unity dll's ...
Register platform support module: C:/Program Files/Unity/Hub/Editor/2022.3.30f1/Editor/Data/PlaybackEngines/WebGLSupport/UnityEditor.WebGL.Extensions.dll
Register platform support module: C:/Program Files/Unity/Hub/Editor/2022.3.30f1/Editor/Data/PlaybackEngines/WindowsStandaloneSupport/UnityEditor.WindowsStandalone.Extensions.dll
Register platform support module: C:/Program Files/Unity/Hub/Editor/2022.3.30f1/Editor/Data/PlaybackEngines/MetroSupport/UnityEditor.UWP.Extensions.dll
Registered in 0.007864 seconds.
- Loaded All Assemblies, in  0.536 seconds
Native extension for UWP target not found
Native extension for WindowsStandalone target not found
Native extension for WebGL target not found
Mono: successfully reloaded assembly
- Finished resetting the current domain, in  0.368 seconds
Domain Reload Profiling: 903ms
	BeginReloadAssembly (204ms)
		ExecutionOrderSort (0ms)
		DisableScriptedObjects (0ms)
		BackupInstance (0ms)
		ReleaseScriptingObjects (0ms)
		CreateAndSetChildDomain (1ms)
	RebuildCommonClasses (46ms)
	RebuildNativeTypeToScriptingClass (15ms)
	initialDomainReloadingComplete (65ms)
	LoadAllAssembliesAndSetupDomain (205ms)
		LoadAssemblies (201ms)
		RebuildTransferFunctionScriptingTraits (0ms)
		AnalyzeDomain (201ms)
			TypeCache.Refresh (199ms)
				TypeCache.ScanAssembly (184ms)
			ScanForSourceGeneratedMonoScriptInfo (0ms)
			ResolveRequiredComponents (1ms)
	FinalizeReload (368ms)
		ReleaseScriptCaches (0ms)
		RebuildScriptCaches (0ms)
		SetupLoadedEditorAssemblies (286ms)
			LogAssemblyErrors (0ms)
			InitializePlatformSupportModulesInManaged (14ms)
			SetLoadedEditorAssemblies (8ms)
			RefreshPlugins (0ms)
			BeforeProcessingInitializeOnLoad (3ms)
			ProcessInitializeOnLoadAttributes (199ms)
			ProcessInitializeOnLoadMethodAttributes (63ms)
			AfterProcessingInitializeOnLoad (0ms)
			EditorAssembliesLoaded (0ms)
		ExecutionOrderSort2 (0ms)
		AwakeInstancesAfterBackupRestoration (0ms)
========================================================================
Worker process is ready to serve import requests
Begin MonoManager ReloadAssembly
- Loaded All Assemblies, in  0.778 seconds
Refreshing native plugins compatible for Editor in 4.90 ms, found 4 plugins.
Native extension for UWP target not found
Native extension for WindowsStandalone target not found
Native extension for WebGL target not found
Package Manager log level set to [2]
[Package Manager] Server::EnsureServerProcessIsRunning -- launch failed, reason: Unity was launched with the -noUpm command-line argument
[Package Manager] UpmClient::Send -- Unable to send message (not connected to UPM process).
[Package Manager] Cannot connect to Unity Package Manager local server
Mono: successfully reloaded assembly
- Finished resetting the current domain, in  0.800 seconds
Domain Reload Profiling: 1575ms
	BeginReloadAssembly (149ms)
		ExecutionOrderSort (0ms)
		DisableScriptedObjects (6ms)
		BackupInstance (0ms)
		ReleaseScriptingObjects (0ms)
		CreateAndSetChildDomain (21ms)
	RebuildCommonClasses (28ms)
	RebuildNativeTypeToScriptingClass (8ms)
	initialDomainReloadingComplete (48ms)
	LoadAllAssembliesAndSetupDomain (542ms)
		LoadAssemblies (394ms)
		RebuildTransferFunctionScriptingTraits (0ms)
		AnalyzeDomain (239ms)
			TypeCache.Refresh (186ms)
				TypeCache.ScanAssembly (166ms)
			ScanForSourceGeneratedMonoScriptInfo (37ms)
			ResolveRequiredComponents (12ms)
	FinalizeReload (800ms)
		ReleaseScriptCaches (0ms)
		RebuildScriptCaches (0ms)
		SetupLoadedEditorAssemblies (602ms)
			LogAssemblyErrors (0ms)
			InitializePlatformSupportModulesInManaged (9ms)
			SetLoadedEditorAssemblies (4ms)
			RefreshPlugins (0ms)
			BeforeProcessingInitializeOnLoad (99ms)
			ProcessInitializeOnLoadAttributes (381ms)
			ProcessInitializeOnLoadMethodAttributes (101ms)
			AfterProcessingInitializeOnLoad (7ms)
			EditorAssembliesLoaded (0ms)
		ExecutionOrderSort2 (0ms)
		AwakeInstancesAfterBackupRestoration (8ms)
Launched and connected shader compiler UnityShaderCompiler.exe after 0.07 seconds
Refreshing native plugins compatible for Editor in 6.55 ms, found 4 plugins.
Preloading 0 native plugins for Editor in 0.00 ms.
Unloading 6057 Unused Serialized files (Serialized files now loaded: 0)
Unloading 111 unused Assets / (2.1 MB). Loaded Objects now: 6511.
Memory consumption went from 245.0 MB to 242.9 MB.
Total: 5.200600 ms (FindLiveObjects: 0.399900 ms CreateObjectMapping: 0.115100 ms MarkObjects: 3.945600 ms  DeleteObjects: 0.738900 ms)

AssetImportParameters requested are different than current active one (requested -> active):
  custom:container-demuxer-ogg: 62fdf1f143b41e24485cea50d1cbac27 -> 
  custom:video-decoder-ogg-theora: a1e56fd34408186e4bbccfd4996cb3dc -> 
  custom:framework-win-MediaFoundation: 216162199b28c13a410421893ffa2e32 -> 
  custom:CustomObjectIndexerAttribute: 3ead1caaecf1c488f20bcfeb224b6af5 -> 
  custom:container-demuxer-webm: 4f35f7cbe854078d1ac9338744f61a02 -> 
  custom:container-muxer-webm: aa71ff27fc2769a1b78a27578f13a17b -> 
  custom:video-decoder-webm-vp8: 9c59270c3fd7afecdb556c50c9e8de78 -> 
  custom:SearchIndexIgnoredProperties: e643bd26f0fe6173181afceb89e7c659 -> 
  custom:AudioImporter_EditorPlatform: d09bf68614088b80899f8185d706f6e7 -> 
  custom:video-encoder-webm-vp8: eb34c28f22e8b96e1ab97ce403110664 -> 
  custom:audio-decoder-ogg-vorbis: bf7c407c2cedff20999df2af8eb42d56 -> 
  custom:audio-encoder-webm-vorbis: bf7c407c2cedff20999df2af8eb42d56 -> 
========================================================================
Received Import Request.
  Time since last request: 130414.448276 seconds.
  path: Assets/TestingAssets/Environment Placeholder/MAT/MAT_Round_Platform.mat
  artifactKey: Guid(3894757d3055c9844b4f475e68c972dd) Importer(815301076,1909f56bfc062723c751e8b465ee728b)
Start importing Assets/TestingAssets/Environment Placeholder/MAT/MAT_Round_Platform.mat using Guid(3894757d3055c9844b4f475e68c972dd) Importer(815301076,1909f56bfc062723c751e8b465ee728b)  -> (artifact id: '5a5a2b2fa0dc726b7cbc325d4eaefe3d') in 1.793834 seconds
Number of updated asset objects reloaded before import = 1
Number of asset objects unloaded after import = 3
========================================================================
Received Import Request.
  Time since last request: 21.063256 seconds.
  path: Assets/TestingAssets/Environment Placeholder/MAT/MAT_Round_Platform.mat
  artifactKey: Guid(3894757d3055c9844b4f475e68c972dd) Importer(815301076,1909f56bfc062723c751e8b465ee728b)
Start importing Assets/TestingAssets/Environment Placeholder/MAT/MAT_Round_Platform.mat using Guid(3894757d3055c9844b4f475e68c972dd) Importer(815301076,1909f56bfc062723c751e8b465ee728b)  -> (artifact id: '33cd70b0fede79bffebadc6bdab2430c') in 0.994771 seconds
Number of updated asset objects reloaded before import = 1
Number of asset objects unloaded after import = 2
========================================================================
Received Import Request.
  Time since last request: 121.357415 seconds.
  path: Assets/TestingAssets/Environment Placeholder/MAT/MAT_cube_boulder.mat
  artifactKey: Guid(1ec5dae6ed6d5e14697a7f8c2eeb0233) Importer(815301076,1909f56bfc062723c751e8b465ee728b)
Start importing Assets/TestingAssets/Environment Placeholder/MAT/MAT_cube_boulder.mat using Guid(1ec5dae6ed6d5e14697a7f8c2eeb0233) Importer(815301076,1909f56bfc062723c751e8b465ee728b)  -> (artifact id: '15952609aca74146603dead111e387da') in 1.091672 seconds
Number of updated asset objects reloaded before import = 1
Number of asset objects unloaded after import = 2
========================================================================
Received Import Request.
  Time since last request: 0.000038 seconds.
  path: Assets/TestingAssets/Environment Placeholder/MAT/MAT_snowpile.mat
  artifactKey: Guid(6efd44afd896f2843a63893f162da6e5) Importer(815301076,1909f56bfc062723c751e8b465ee728b)
Start importing Assets/TestingAssets/Environment Placeholder/MAT/MAT_snowpile.mat using Guid(6efd44afd896f2843a63893f162da6e5) Importer(815301076,1909f56bfc062723c751e8b465ee728b)  -> (artifact id: '170ab7b6d814772db2d06ef66749dc54') in 0.026117 seconds
Number of updated asset objects reloaded before import = 0
Number of asset objects unloaded after import = 2
========================================================================
Received Import Request.
  Time since last request: 0.000091 seconds.
  path: Assets/TestingAssets/Environment Placeholder/MAT/MAT_ground.mat
  artifactKey: Guid(4dcf2e555b3c233449891f5ed629d35f) Importer(815301076,1909f56bfc062723c751e8b465ee728b)
Start importing Assets/TestingAssets/Environment Placeholder/MAT/MAT_ground.mat using Guid(4dcf2e555b3c233449891f5ed629d35f) Importer(815301076,1909f56bfc062723c751e8b465ee728b)  -> (artifact id: '2e68791612e5aa8ede0c1561a09285df') in 0.022930 seconds
Number of updated asset objects reloaded before import = 0
Number of asset objects unloaded after import = 2
========================================================================
Received Import Request.
  Time since last request: 0.000115 seconds.
  path: Assets/TestingAssets/Environment Placeholder/MAT/MAT_Stone.mat
  artifactKey: Guid(5e69836e4ad2c6945b8a2d9872b99627) Importer(815301076,1909f56bfc062723c751e8b465ee728b)
Start importing Assets/TestingAssets/Environment Placeholder/MAT/MAT_Stone.mat using Guid(5e69836e4ad2c6945b8a2d9872b99627) Importer(815301076,1909f56bfc062723c751e8b465ee728b)  -> (artifact id: 'd6196554a3a77e1e7d990c50e6a37469') in 0.018979 seconds
Number of updated asset objects reloaded before import = 0
Number of asset objects unloaded after import = 2
========================================================================
Received Import Request.
  Time since last request: 0.000057 seconds.
  path: Assets/TestingAssets/Environment Placeholder/MAT/MAT_tree_leaf.mat
  artifactKey: Guid(9c95cf3a8aa1f3947bf01943aba57db6) Importer(815301076,1909f56bfc062723c751e8b465ee728b)
Start importing Assets/TestingAssets/Environment Placeholder/MAT/MAT_tree_leaf.mat using Guid(9c95cf3a8aa1f3947bf01943aba57db6) Importer(815301076,1909f56bfc062723c751e8b465ee728b)  -> (artifact id: '0f191a0f83c25b969545c26e6c31c2f7') in 0.014838 seconds
Number of updated asset objects reloaded before import = 0
Number of asset objects unloaded after import = 2
========================================================================
Received Import Request.
  Time since last request: 0.000130 seconds.
  path: Assets/TestingAssets/Environment Placeholder/MAT/standardSurface2.mat
  artifactKey: Guid(ae65ec05bf7b46b4c90b26e254cf02fe) Importer(815301076,1909f56bfc062723c751e8b465ee728b)
Start importing Assets/TestingAssets/Environment Placeholder/MAT/standardSurface2.mat using Guid(ae65ec05bf7b46b4c90b26e254cf02fe) Importer(815301076,1909f56bfc062723c751e8b465ee728b)  -> (artifact id: '8345093f3c753f3505990e9c62062be9') in 0.831840 seconds
Number of updated asset objects reloaded before import = 0
Number of asset objects unloaded after import = 2
========================================================================
Received Import Request.
  Time since last request: 107.337943 seconds.
  path: Assets/TestingAssets/Environment Placeholder/MAT/MAT_fiendNest.mat
  artifactKey: Guid(ac5e340b1edca9845a75f37ce6b7342d) Importer(815301076,1909f56bfc062723c751e8b465ee728b)
Start importing Assets/TestingAssets/Environment Placeholder/MAT/MAT_fiendNest.mat using Guid(ac5e340b1edca9845a75f37ce6b7342d) Importer(815301076,1909f56bfc062723c751e8b465ee728b)  -> (artifact id: '9783fd5cba4fbdfa7a0ce4bf26446745') in 1.363761 seconds
Number of updated asset objects reloaded before import = 1
Number of asset objects unloaded after import = 2
========================================================================
Received Import Request.
  Time since last request: 0.000206 seconds.
  path: Assets/TestingAssets/Environment Placeholder/MAT/MAT_snowpile.mat
  artifactKey: Guid(6efd44afd896f2843a63893f162da6e5) Importer(815301076,1909f56bfc062723c751e8b465ee728b)
Start importing Assets/TestingAssets/Environment Placeholder/MAT/MAT_snowpile.mat using Guid(6efd44afd896f2843a63893f162da6e5) Importer(815301076,1909f56bfc062723c751e8b465ee728b)  -> (artifact id: '639079008c5877206bedfebf8d9dc009') in 0.012990 seconds
Number of updated asset objects reloaded before import = 0
Number of asset objects unloaded after import = 2
========================================================================
Received Import Request.
  Time since last request: 0.000024 seconds.
  path: Assets/TestingAssets/Environment Placeholder/MAT/MAT_ground.mat
  artifactKey: Guid(4dcf2e555b3c233449891f5ed629d35f) Importer(815301076,1909f56bfc062723c751e8b465ee728b)
Start importing Assets/TestingAssets/Environment Placeholder/MAT/MAT_ground.mat using Guid(4dcf2e555b3c233449891f5ed629d35f) Importer(815301076,1909f56bfc062723c751e8b465ee728b)  -> (artifact id: '34b2233758968d89217923e6a4aad933') in 0.011918 seconds
Number of updated asset objects reloaded before import = 0
Number of asset objects unloaded after import = 2
========================================================================
Received Import Request.
  Time since last request: 0.000030 seconds.
  path: Assets/TestingAssets/Environment Placeholder/MAT/MAT_Stone.mat
  artifactKey: Guid(5e69836e4ad2c6945b8a2d9872b99627) Importer(815301076,1909f56bfc062723c751e8b465ee728b)
Start importing Assets/TestingAssets/Environment Placeholder/MAT/MAT_Stone.mat using Guid(5e69836e4ad2c6945b8a2d9872b99627) Importer(815301076,1909f56bfc062723c751e8b465ee728b)  -> (artifact id: '0065ba379525344504d4521f2250e0ee') in 0.016670 seconds
Number of updated asset objects reloaded before import = 0
Number of asset objects unloaded after import = 2
========================================================================
Received Import Request.
  Time since last request: 0.000029 seconds.
  path: Assets/TestingAssets/Environment Placeholder/MAT/MAT_tree_leaf.mat
  artifactKey: Guid(9c95cf3a8aa1f3947bf01943aba57db6) Importer(815301076,1909f56bfc062723c751e8b465ee728b)
Start importing Assets/TestingAssets/Environment Placeholder/MAT/MAT_tree_leaf.mat using Guid(9c95cf3a8aa1f3947bf01943aba57db6) Importer(815301076,1909f56bfc062723c751e8b465ee728b)  -> (artifact id: '29bf9607d722fa612bc856df07a63318') in 0.013493 seconds
Number of updated asset objects reloaded before import = 0
Number of asset objects unloaded after import = 2
========================================================================
Received Import Request.
  Time since last request: 0.000026 seconds.
  path: Assets/TestingAssets/Environment Placeholder/MAT/standardSurface2.mat
  artifactKey: Guid(ae65ec05bf7b46b4c90b26e254cf02fe) Importer(815301076,1909f56bfc062723c751e8b465ee728b)
Start importing Assets/TestingAssets/Environment Placeholder/MAT/standardSurface2.mat using Guid(ae65ec05bf7b46b4c90b26e254cf02fe) Importer(815301076,1909f56bfc062723c751e8b465ee728b)  -> (artifact id: '3a72b886c2331afdafad8e5b393dfcb8') in 0.861761 seconds
Number of updated asset objects reloaded before import = 0
Number of asset objects unloaded after import = 2
========================================================================
Received Import Request.
  Time since last request: 54.623387 seconds.
  path: Assets/TestingAssets/Environment Placeholder/MAT/MAT_ground.mat
  artifactKey: Guid(4dcf2e555b3c233449891f5ed629d35f) Importer(815301076,1909f56bfc062723c751e8b465ee728b)
Start importing Assets/TestingAssets/Environment Placeholder/MAT/MAT_ground.mat using Guid(4dcf2e555b3c233449891f5ed629d35f) Importer(815301076,1909f56bfc062723c751e8b465ee728b)  -> (artifact id: '04808ef8b27ded8f8b6d5cec311be534') in 0.909287 seconds
Number of updated asset objects reloaded before import = 1
Number of asset objects unloaded after import = 2
========================================================================
Received Import Request.
  Time since last request: 0.000280 seconds.
  path: Assets/TestingAssets/Environment Placeholder/MAT/MAT_Stone.mat
  artifactKey: Guid(5e69836e4ad2c6945b8a2d9872b99627) Importer(815301076,1909f56bfc062723c751e8b465ee728b)
Start importing Assets/TestingAssets/Environment Placeholder/MAT/MAT_Stone.mat using Guid(5e69836e4ad2c6945b8a2d9872b99627) Importer(815301076,1909f56bfc062723c751e8b465ee728b)  -> (artifact id: 'df86c226c5a2f19f112009817db1f74f') in 0.014767 seconds
Number of updated asset objects reloaded before import = 0
Number of asset objects unloaded after import = 2
========================================================================
Received Import Request.
  Time since last request: 0.000330 seconds.
  path: Assets/TestingAssets/Environment Placeholder/MAT/MAT_tree_leaf.mat
  artifactKey: Guid(9c95cf3a8aa1f3947bf01943aba57db6) Importer(815301076,1909f56bfc062723c751e8b465ee728b)
Start importing Assets/TestingAssets/Environment Placeholder/MAT/MAT_tree_leaf.mat using Guid(9c95cf3a8aa1f3947bf01943aba57db6) Importer(815301076,1909f56bfc062723c751e8b465ee728b)  -> (artifact id: '502eb37f0709b082d0c55e1f35528e0d') in 0.014251 seconds
Number of updated asset objects reloaded before import = 0
Number of asset objects unloaded after import = 2
========================================================================
Received Import Request.
  Time since last request: 0.000079 seconds.
  path: Assets/TestingAssets/Environment Placeholder/MAT/MAT_wood.mat
  artifactKey: Guid(fefab641dc8f1124db6303cf396fda01) Importer(815301076,1909f56bfc062723c751e8b465ee728b)
Start importing Assets/TestingAssets/Environment Placeholder/MAT/MAT_wood.mat using Guid(fefab641dc8f1124db6303cf396fda01) Importer(815301076,1909f56bfc062723c751e8b465ee728b)  -> (artifact id: 'a1ec207d7e78dc64e8bce7944405d9ca') in 0.016051 seconds
Number of updated asset objects reloaded before import = 0
Number of asset objects unloaded after import = 2
========================================================================
Received Import Request.
  Time since last request: 32.532864 seconds.
  path: Assets/TestingAssets/Environment Placeholder/MAT/MAT_ground.mat
  artifactKey: Guid(4dcf2e555b3c233449891f5ed629d35f) Importer(815301076,1909f56bfc062723c751e8b465ee728b)
Start importing Assets/TestingAssets/Environment Placeholder/MAT/MAT_ground.mat using Guid(4dcf2e555b3c233449891f5ed629d35f) Importer(815301076,1909f56bfc062723c751e8b465ee728b)  -> (artifact id: '852c3ceb125c05822d54557f9497b60a') in 0.641263 seconds
Number of updated asset objects reloaded before import = 1
Number of asset objects unloaded after import = 2
========================================================================
Received Import Request.
  Time since last request: 0.000042 seconds.
  path: Assets/TestingAssets/Environment Placeholder/MAT/standardSurface2.mat
  artifactKey: Guid(ae65ec05bf7b46b4c90b26e254cf02fe) Importer(815301076,1909f56bfc062723c751e8b465ee728b)
Start importing Assets/TestingAssets/Environment Placeholder/MAT/standardSurface2.mat using Guid(ae65ec05bf7b46b4c90b26e254cf02fe) Importer(815301076,1909f56bfc062723c751e8b465ee728b)  -> (artifact id: 'c11a067ab04dd0b0ea34afaf6472e161') in 0.105258 seconds
Number of updated asset objects reloaded before import = 0
Number of asset objects unloaded after import = 2
========================================================================
Received Import Request.
  Time since last request: 181.675271 seconds.
  path: Assets/Materials/ShaderGraphs/ToonShader/FiendNest.mat
  artifactKey: Guid(d747c33cc417d204cb36e8a0783027c3) Importer(815301076,1909f56bfc062723c751e8b465ee728b)
Start importing Assets/Materials/ShaderGraphs/ToonShader/FiendNest.mat using Guid(d747c33cc417d204cb36e8a0783027c3) Importer(815301076,1909f56bfc062723c751e8b465ee728b)  -> (artifact id: '778efc520fcae6ff25f04a90d4af9d26') in 0.026554 seconds
Number of updated asset objects reloaded before import = 1
Number of asset objects unloaded after import = 3
========================================================================
Received Import Request.
  Time since last request: 0.000097 seconds.
  path: Assets/Materials/ShaderGraphs/ToonShader/GrassAttempt2.png
  artifactKey: Guid(79cc2aabad5d6b44793a19a9f3693639) Importer(815301076,1909f56bfc062723c751e8b465ee728b)
Start importing Assets/Materials/ShaderGraphs/ToonShader/GrassAttempt2.png using Guid(79cc2aabad5d6b44793a19a9f3693639) Importer(815301076,1909f56bfc062723c751e8b465ee728b)  -> (artifact id: 'e4407a4cb2db3b41fc1932c23a71d779') in 0.023175 seconds
Number of updated asset objects reloaded before import = 0
Number of asset objects unloaded after import = 2
========================================================================
Received Import Request.
  Time since last request: 15.673532 seconds.
  path: Assets/Materials/ShaderGraphs/ToonShader/Tree.mat
  artifactKey: Guid(6d85eae5acf41fa48b47f129a08b68fb) Importer(815301076,1909f56bfc062723c751e8b465ee728b)
Start importing Assets/Materials/ShaderGraphs/ToonShader/Tree.mat using Guid(6d85eae5acf41fa48b47f129a08b68fb) Importer(815301076,1909f56bfc062723c751e8b465ee728b)  -> (artifact id: '5b9108dad7050cc8829be039a515d0bd') in 0.774000 seconds
Number of updated asset objects reloaded before import = 1
Number of asset objects unloaded after import = 2
========================================================================
Received Import Request.
  Time since last request: 28.445408 seconds.
  path: Assets/Materials/ShaderGraphs/ToonShader/Tree 2.mat
  artifactKey: Guid(e6507bf2bb72ef148add0f4b7da90a18) Importer(815301076,1909f56bfc062723c751e8b465ee728b)
Start importing Assets/Materials/ShaderGraphs/ToonShader/Tree 2.mat using Guid(e6507bf2bb72ef148add0f4b7da90a18) Importer(815301076,1909f56bfc062723c751e8b465ee728b)  -> (artifact id: '962c93f5d6893548e79926cd80dab57d') in 0.011157 seconds
Number of updated asset objects reloaded before import = 0
Number of asset objects unloaded after import = 2
========================================================================
Received Import Request.
  Time since last request: 2.138732 seconds.
  path: Assets/Materials/ShaderGraphs/ToonShader/Tree.mat
  artifactKey: Guid(6d85eae5acf41fa48b47f129a08b68fb) Importer(815301076,1909f56bfc062723c751e8b465ee728b)
Start importing Assets/Materials/ShaderGraphs/ToonShader/Tree.mat using Guid(6d85eae5acf41fa48b47f129a08b68fb) Importer(815301076,1909f56bfc062723c751e8b465ee728b)  -> (artifact id: '82f3b7ec24ccc5741e4ff763dd79a49c') in 0.439415 seconds
Number of updated asset objects reloaded before import = 1
Number of asset objects unloaded after import = 2
========================================================================
Received Import Request.
  Time since last request: 125.844357 seconds.
  path: Assets/Materials/ShaderGraphs/ToonShader/FiendNest.mat
  artifactKey: Guid(d747c33cc417d204cb36e8a0783027c3) Importer(815301076,1909f56bfc062723c751e8b465ee728b)
Start importing Assets/Materials/ShaderGraphs/ToonShader/FiendNest.mat using Guid(d747c33cc417d204cb36e8a0783027c3) Importer(815301076,1909f56bfc062723c751e8b465ee728b)  -> (artifact id: 'c0ac5b7548691bd200301bc987e2b56c') in 0.013896 seconds
Number of updated asset objects reloaded before import = 0
Number of asset objects unloaded after import = 3
========================================================================
Received Import Request.
  Time since last request: 0.000059 seconds.
  path: Assets/Materials/ShaderGraphs/ToonShader/Floor.mat
  artifactKey: Guid(eb488f5cf1dc7164696072f64f905376) Importer(815301076,1909f56bfc062723c751e8b465ee728b)
Start importing Assets/Materials/ShaderGraphs/ToonShader/Floor.mat using Guid(eb488f5cf1dc7164696072f64f905376) Importer(815301076,1909f56bfc062723c751e8b465ee728b)  -> (artifact id: '69d3686dbfab9ddac610b465360c034e') in 0.020253 seconds
Number of updated asset objects reloaded before import = 0
Number of asset objects unloaded after import = 3
========================================================================
Received Import Request.
  Time since last request: 246.436062 seconds.
  path: Assets/Materials/ShaderGraphs/ToonShader/Floor.mat
  artifactKey: Guid(eb488f5cf1dc7164696072f64f905376) Importer(815301076,1909f56bfc062723c751e8b465ee728b)
Start importing Assets/Materials/ShaderGraphs/ToonShader/Floor.mat using Guid(eb488f5cf1dc7164696072f64f905376) Importer(815301076,1909f56bfc062723c751e8b465ee728b)  -> (artifact id: '02c50c5d41588bf40aecf004560119ed') in 0.345182 seconds
Number of updated asset objects reloaded before import = 0
Number of asset objects unloaded after import = 4
========================================================================
Received Import Request.
  Time since last request: 177.934483 seconds.
  path: Assets/TestingAssets/FakeCharacters/MAT_Yetty/MAT_Yetty_Gloves.mat
  artifactKey: Guid(86f629eb4fa2e434090cc8073cab05a2) Importer(815301076,1909f56bfc062723c751e8b465ee728b)
Start importing Assets/TestingAssets/FakeCharacters/MAT_Yetty/MAT_Yetty_Gloves.mat using Guid(86f629eb4fa2e434090cc8073cab05a2) Importer(815301076,1909f56bfc062723c751e8b465ee728b)  -> (artifact id: '232ccd3ddc7bf7470795201a2a5fdf2c') in 0.018187 seconds
Number of updated asset objects reloaded before import = 0
Number of asset objects unloaded after import = 3
========================================================================
Received Import Request.
  Time since last request: 0.000021 seconds.
  path: Assets/TestingAssets/FakeCharacters/MAT_Yetty/MAT_Yetty_GlovesFur.mat
  artifactKey: Guid(1b089c8d9a02d3546aaa787f0d6700fd) Importer(815301076,1909f56bfc062723c751e8b465ee728b)
Start importing Assets/TestingAssets/FakeCharacters/MAT_Yetty/MAT_Yetty_GlovesFur.mat using Guid(1b089c8d9a02d3546aaa787f0d6700fd) Importer(815301076,1909f56bfc062723c751e8b465ee728b)  -> (artifact id: '44eaa099a683865196e0f67e6f898856') in 0.020803 seconds
Number of updated asset objects reloaded before import = 0
Number of asset objects unloaded after import = 3
========================================================================
Received Import Request.
  Time since last request: 0.000303 seconds.
  path: Assets/TestingAssets/FakeCharacters/MAT_Yetty/MAT_Yetty_Light.mat
  artifactKey: Guid(52cf5c5580811ac409f90ffcb7142a9d) Importer(815301076,1909f56bfc062723c751e8b465ee728b)
Start importing Assets/TestingAssets/FakeCharacters/MAT_Yetty/MAT_Yetty_Light.mat using Guid(52cf5c5580811ac409f90ffcb7142a9d) Importer(815301076,1909f56bfc062723c751e8b465ee728b)  -> (artifact id: '513d5a78b55377dff7dc6e5bed0b1222') in 0.034619 seconds
Number of updated asset objects reloaded before import = 0
Number of asset objects unloaded after import = 3
========================================================================
Received Import Request.
  Time since last request: 1.283190 seconds.
  path: Assets/TestingAssets/Environment Placeholder/MAT/MAT_fiendNest.mat
  artifactKey: Guid(ac5e340b1edca9845a75f37ce6b7342d) Importer(815301076,1909f56bfc062723c751e8b465ee728b)
Start importing Assets/TestingAssets/Environment Placeholder/MAT/MAT_fiendNest.mat using Guid(ac5e340b1edca9845a75f37ce6b7342d) Importer(815301076,1909f56bfc062723c751e8b465ee728b)  -> (artifact id: 'e0f33de07b17f6268e043773ef4386fe') in 0.011153 seconds
Number of updated asset objects reloaded before import = 0
Number of asset objects unloaded after import = 2
========================================================================
Received Import Request.
  Time since last request: 0.000019 seconds.
  path: Assets/TestingAssets/Environment Placeholder/MAT/MAT_ground.mat
  artifactKey: Guid(4dcf2e555b3c233449891f5ed629d35f) Importer(815301076,1909f56bfc062723c751e8b465ee728b)
Start importing Assets/TestingAssets/Environment Placeholder/MAT/MAT_ground.mat using Guid(4dcf2e555b3c233449891f5ed629d35f) Importer(815301076,1909f56bfc062723c751e8b465ee728b)  -> (artifact id: '0f883286f4b545ecd7aeeee8d97cb82a') in 0.025501 seconds
Number of updated asset objects reloaded before import = 0
Number of asset objects unloaded after import = 2
========================================================================
Received Import Request.
  Time since last request: 0.000027 seconds.
  path: Assets/TestingAssets/Environment Placeholder/MAT/MAT_tree_leaf.mat
  artifactKey: Guid(9c95cf3a8aa1f3947bf01943aba57db6) Importer(815301076,1909f56bfc062723c751e8b465ee728b)
Start importing Assets/TestingAssets/Environment Placeholder/MAT/MAT_tree_leaf.mat using Guid(9c95cf3a8aa1f3947bf01943aba57db6) Importer(815301076,1909f56bfc062723c751e8b465ee728b)  -> (artifact id: '25ecd3b843eae9323967622bbd8b72c8') in 0.015607 seconds
Number of updated asset objects reloaded before import = 0
Number of asset objects unloaded after import = 2
========================================================================
Received Import Request.
  Time since last request: 0.000038 seconds.
  path: Assets/TestingAssets/Environment Placeholder/MAT/MAT_Round_Platform.mat
  artifactKey: Guid(3894757d3055c9844b4f475e68c972dd) Importer(815301076,1909f56bfc062723c751e8b465ee728b)
Start importing Assets/TestingAssets/Environment Placeholder/MAT/MAT_Round_Platform.mat using Guid(3894757d3055c9844b4f475e68c972dd) Importer(815301076,1909f56bfc062723c751e8b465ee728b)  -> (artifact id: 'af63d0b8900b97abf1eef4573503109a') in 0.010125 seconds
Number of updated asset objects reloaded before import = 0
Number of asset objects unloaded after import = 2
========================================================================
Received Import Request.
  Time since last request: 156.580331 seconds.
  path: Assets/TestingAssets/FakeCharacters/MAT_Fiend/surfaceShader2.mat
  artifactKey: Guid(e16df560c893e434d89ea628f1dfdaaf) Importer(815301076,1909f56bfc062723c751e8b465ee728b)
Start importing Assets/TestingAssets/FakeCharacters/MAT_Fiend/surfaceShader2.mat using Guid(e16df560c893e434d89ea628f1dfdaaf) Importer(815301076,1909f56bfc062723c751e8b465ee728b)  -> (artifact id: 'bdca38d06204bef52d5fe2029c382fda') in 0.023881 seconds
Number of updated asset objects reloaded before import = 0
Number of asset objects unloaded after import = 3
========================================================================
Received Import Request.
  Time since last request: 0.000020 seconds.
  path: Assets/TestingAssets/FakeCharacters/MAT_Fiend/surfaceShader4.mat
  artifactKey: Guid(e79408b60d0430a4095ff57ea8aefece) Importer(815301076,1909f56bfc062723c751e8b465ee728b)
Start importing Assets/TestingAssets/FakeCharacters/MAT_Fiend/surfaceShader4.mat using Guid(e79408b60d0430a4095ff57ea8aefece) Importer(815301076,1909f56bfc062723c751e8b465ee728b)  -> (artifact id: 'a19d906f0ae1741e01e88a4ed50e1361') in 0.025657 seconds
Number of updated asset objects reloaded before import = 0
Number of asset objects unloaded after import = 3
========================================================================
Received Import Request.
  Time since last request: 0.000025 seconds.
  path: Assets/TestingAssets/FakeCharacters/MAT_Fiend/surfaceShader3.mat
  artifactKey: Guid(db6a1d3af2d10404b9fb20c778ce0598) Importer(815301076,1909f56bfc062723c751e8b465ee728b)
Start importing Assets/TestingAssets/FakeCharacters/MAT_Fiend/surfaceShader3.mat using Guid(db6a1d3af2d10404b9fb20c778ce0598) Importer(815301076,1909f56bfc062723c751e8b465ee728b)  -> (artifact id: '4ec890ff31e29c39794b1d0592d75b0d') in 0.024244 seconds
Number of updated asset objects reloaded before import = 0
Number of asset objects unloaded after import = 3
========================================================================
Received Import Request.
  Time since last request: 0.000027 seconds.
  path: Assets/TestingAssets/FakeCharacters/MAT_Fiend/surfaceShader5.mat
  artifactKey: Guid(0b536e9db2a2cfc40a84d827e7fa4b8a) Importer(815301076,1909f56bfc062723c751e8b465ee728b)
Start importing Assets/TestingAssets/FakeCharacters/MAT_Fiend/surfaceShader5.mat using Guid(0b536e9db2a2cfc40a84d827e7fa4b8a) Importer(815301076,1909f56bfc062723c751e8b465ee728b)  -> (artifact id: '2e278024b00a7786d07bf08da06199ca') in 0.025172 seconds
Number of updated asset objects reloaded before import = 0
Number of asset objects unloaded after import = 3
Editor requested this worker to shutdown with reason: Scaling down because of idle timeout
TcpMessagingSession - receive error: operation aborted. errorcode: 995, details: The I/O operation has been aborted because of either a thread exit or an application request.
AssetImportWorker is now disconnected from the server
Process exiting
Exiting without the bug reporter. Application will terminate with return code 0